# JRE version: Java(TM) SE Runtime Environment (17.0.14+8) (build 17.0.14+8-LTS-191)
# Java VM: Java HotSpot(TM) 64-Bit Server VM (17.0.14+8-LTS-191, mixed mode, sharing, tiered, compressed oops, compressed class ptrs, g1 gc, windows-amd64)
GC Precious Log:
 CPUs: 4 total, 4 available
 Memory: 3893M
 Large Page Support: Disabled
 NUMA Support: Disabled
 Compressed Oops: Enabled (32-bit)
 Heap Region Size: 1M
 Heap Min Capacity: 8M
 Heap Initial Capacity: 62M
 Heap Max Capacity: 974M
 Pre-touch: Disabled
 Parallel Workers: 4
 Concurrent Workers: 1
 Concurrent Refinement Workers: 4
 Periodic GC: Disabled
Heap:
 garbage-first heap   total 245760K, used 153621K [0x00000000c3200000, 0x0000000100000000)
  region size 1024K, 5 young (5120K), 3 survivors (3072K)
 Metaspace       used 14322K, committed 14592K, reserved 1114112K
  class space    used 1919K, committed 2048K, reserved 1048576K
GC Heap History (20 events):
Event: 6.869 GC heap before
{Heap before GC invocations=20 (full 0):
 garbage-first heap   total 132096K, used 77427K [0x00000000c3200000, 0x0000000100000000)
  region size 1024K, 2 young (2048K), 1 survivors (1024K)
 Metaspace       used 8920K, committed 9152K, reserved 1114112K
  class space    used 1151K, committed 1280K, reserved 1048576K
}
Event: 6.870 GC heap after
{Heap after GC invocations=21 (full 0):
 garbage-first heap   total 132096K, used 77429K [0x00000000c3200000, 0x0000000100000000)
  region size 1024K, 1 young (1024K), 1 survivors (1024K)
 Metaspace       used 8920K, committed 9152K, reserved 1114112K
  class space    used 1151K, committed 1280K, reserved 1048576K
}
Event: 6.909 GC heap before
{Heap before GC invocations=22 (full 0):
 garbage-first heap   total 138240K, used 80501K [0x00000000c3200000, 0x0000000100000000)
  region size 1024K, 2 young (2048K), 1 survivors (1024K)
 Metaspace       used 8920K, committed 9152K, reserved 1114112K
  class space    used 1151K, committed 1280K, reserved 1048576K
}
Event: 6.910 GC heap after
{Heap after GC invocations=23 (full 0):
 garbage-first heap   total 138240K, used 80493K [0x00000000c3200000, 0x0000000100000000)
  region size 1024K, 1 young (1024K), 1 survivors (1024K)
 Metaspace       used 8920K, committed 9152K, reserved 1114112K
  class space    used 1151K, committed 1280K, reserved 1048576K
}
Event: 29.526 GC heap before
{Heap before GC invocations=24 (full 0):
 garbage-first heap   total 140288K, used 103021K [0x00000000c3200000, 0x0000000100000000)
  region size 1024K, 23 young (23552K), 1 survivors (1024K)
 Metaspace       used 14321K, committed 14592K, reserved 1114112K
  class space    used 1919K, committed 2048K, reserved 1048576K
}
Event: 29.531 GC heap after
{Heap after GC invocations=25 (full 0):
 garbage-first heap   total 140288K, used 84632K [0x00000000c3200000, 0x0000000100000000)
  region size 1024K, 3 young (3072K), 3 survivors (3072K)
 Metaspace       used 14321K, committed 14592K, reserved 1114112K
  class space    used 1919K, committed 2048K, reserved 1048576K
}
Event: 29.571 GC heap before
{Heap before GC invocations=26 (full 0):
 garbage-first heap   total 158720K, used 95896K [0x00000000c3200000, 0x0000000100000000)
  region size 1024K, 6 young (6144K), 3 survivors (3072K)
 Metaspace       used 14322K, committed 14592K, reserved 1114112K
  class space    used 1919K, committed 2048K, reserved 1048576K
}
Event: 29.575 GC heap after
{Heap after GC invocations=27 (full 0):
 garbage-first heap   total 158720K, used 95062K [0x00000000c3200000, 0x0000000100000000)
  region size 1024K, 3 young (3072K), 3 survivors (3072K)
 Metaspace       used 14322K, committed 14592K, reserved 1114112K
  class space    used 1919K, committed 2048K, reserved 1048576K
}
Event: 29.613 GC heap before
{Heap before GC invocations=28 (full 0):
 garbage-first heap   total 178176K, used 107350K [0x00000000c3200000, 0x0000000100000000)
  region size 1024K, 6 young (6144K), 3 survivors (3072K)
 Metaspace       used 14322K, committed 14592K, reserved 1114112K
  class space    used 1919K, committed 2048K, reserved 1048576K
}
Event: 29.617 GC heap after
{Heap after GC invocations=29 (full 0):
 garbage-first heap   total 178176K, used 106334K [0x00000000c3200000, 0x0000000100000000)
  region size 1024K, 3 young (3072K), 3 survivors (3072K)
 Metaspace       used 14322K, committed 14592K, reserved 1114112K
  class space    used 1919K, committed 2048K, reserved 1048576K
}
Event: 29.653 GC heap before
{Heap before GC invocations=30 (full 0):
 garbage-first heap   total 196608K, used 117598K [0x00000000c3200000, 0x0000000100000000)
  region size 1024K, 6 young (6144K), 3 survivors (3072K)
 Metaspace       used 14322K, committed 14592K, reserved 1114112K
  class space    used 1919K, committed 2048K, reserved 1048576K
}
Event: 29.658 GC heap after
{Heap after GC invocations=31 (full 0):
 garbage-first heap   total 196608K, used 116606K [0x00000000c3200000, 0x0000000100000000)
  region size 1024K, 3 young (3072K), 3 survivors (3072K)
 Metaspace       used 14322K, committed 14592K, reserved 1114112K
  class space    used 1919K, committed 2048K, reserved 1048576K
}
Event: 29.689 GC heap before
{Heap before GC invocations=32 (full 0):
 garbage-first heap   total 208896K, used 126846K [0x00000000c3200000, 0x0000000100000000)
  region size 1024K, 6 young (6144K), 3 survivors (3072K)
 Metaspace       used 14322K, committed 14592K, reserved 1114112K
  class space    used 1919K, committed 2048K, reserved 1048576K
}
Event: 29.693 GC heap after
{Heap after GC invocations=33 (full 0):
 garbage-first heap   total 208896K, used 125880K [0x00000000c3200000, 0x0000000100000000)
  region size 1024K, 3 young (3072K), 3 survivors (3072K)
 Metaspace       used 14322K, committed 14592K, reserved 1114112K
  class space    used 1919K, committed 2048K, reserved 1048576K
}
Event: 29.724 GC heap before
{Heap before GC invocations=34 (full 0):
 garbage-first heap   total 224256K, used 134072K [0x00000000c3200000, 0x0000000100000000)
  region size 1024K, 5 young (5120K), 3 survivors (3072K)
 Metaspace       used 14322K, committed 14592K, reserved 1114112K
  class space    used 1919K, committed 2048K, reserved 1048576K
}
Event: 29.727 GC heap after
{Heap after GC invocations=35 (full 0):
 garbage-first heap   total 224256K, used 133208K [0x00000000c3200000, 0x0000000100000000)
  region size 1024K, 3 young (3072K), 3 survivors (3072K)
 Metaspace       used 14322K, committed 14592K, reserved 1114112K
  class space    used 1919K, committed 2048K, reserved 1048576K
}
Event: 29.755 GC heap before
{Heap before GC invocations=36 (full 0):
 garbage-first heap   total 235520K, used 141400K [0x00000000c3200000, 0x0000000100000000)
  region size 1024K, 5 young (5120K), 3 survivors (3072K)
 Metaspace       used 14322K, committed 14592K, reserved 1114112K
  class space    used 1919K, committed 2048K, reserved 1048576K
}
Event: 29.759 GC heap after
{Heap after GC invocations=37 (full 0):
 garbage-first heap   total 235520K, used 140206K [0x00000000c3200000, 0x0000000100000000)
  region size 1024K, 3 young (3072K), 3 survivors (3072K)
 Metaspace       used 14322K, committed 14592K, reserved 1114112K
  class space    used 1919K, committed 2048K, reserved 1048576K
}
Event: 29.791 GC heap before
{Heap before GC invocations=38 (full 0):
 garbage-first heap   total 245760K, used 148398K [0x00000000c3200000, 0x0000000100000000)
  region size 1024K, 5 young (5120K), 3 survivors (3072K)
 Metaspace       used 14322K, committed 14592K, reserved 1114112K
  class space    used 1919K, committed 2048K, reserved 1048576K
}
Event: 29.797 GC heap after
{Heap after GC invocations=39 (full 0):
 garbage-first heap   total 245760K, used 147477K [0x00000000c3200000, 0x0000000100000000)
  region size 1024K, 3 young (3072K), 3 survivors (3072K)
 Metaspace       used 14322K, committed 14592K, reserved 1114112K
  class space    used 1919K, committed 2048K, reserved 1048576K
}

