# JRE version: Java(TM) SE Runtime Environment (17.0.14+8) (build 17.0.14+8-LTS-191)
# Java VM: Java HotSpot(TM) 64-Bit Server VM (17.0.14+8-LTS-191, mixed mode, sharing, tiered, compressed oops, compressed class ptrs, g1 gc, windows-amd64)
GC Precious Log:
 CPUs: 4 total, 4 available
 Memory: 3893M
 Large Page Support: Disabled
 NUMA Support: Disabled
 Compressed Oops: Enabled (32-bit)
 Heap Region Size: 1M
 Heap Min Capacity: 8M
 Heap Initial Capacity: 62M
 Heap Max Capacity: 974M
 Pre-touch: Disabled
 Parallel Workers: 4
 Concurrent Workers: 1
 Concurrent Refinement Workers: 4
 Periodic GC: Disabled
Heap:
 garbage-first heap   total 63488K, used 33582K [0x00000000c3200000, 0x0000000100000000)
  region size 1024K, 9 young (9216K), 3 survivors (3072K)
 Metaspace       used 29962K, committed 30336K, reserved 1114112K
  class space    used 3497K, committed 3648K, reserved 1048576K
GC Heap History (20 events):
Event: 0.980 GC heap before
{Heap before GC invocations=0 (full 0):
 garbage-first heap   total 63488K, used 13312K [0x00000000c3200000, 0x0000000100000000)
  region size 1024K, 13 young (13312K), 0 survivors (0K)
 Metaspace       used 3623K, committed 3776K, reserved 1114112K
  class space    used 390K, committed 448K, reserved 1048576K
}
Event: 0.990 GC heap after
{Heap after GC invocations=1 (full 0):
 garbage-first heap   total 63488K, used 3120K [0x00000000c3200000, 0x0000000100000000)
  region size 1024K, 2 young (2048K), 2 survivors (2048K)
 Metaspace       used 3623K, committed 3776K, reserved 1114112K
  class space    used 390K, committed 448K, reserved 1048576K
}
Event: 1.398 GC heap before
{Heap before GC invocations=1 (full 0):
 garbage-first heap   total 63488K, used 15408K [0x00000000c3200000, 0x0000000100000000)
  region size 1024K, 14 young (14336K), 2 survivors (2048K)
 Metaspace       used 5559K, committed 5760K, reserved 1114112K
  class space    used 673K, committed 768K, reserved 1048576K
}
Event: 1.408 GC heap after
{Heap after GC invocations=2 (full 0):
 garbage-first heap   total 63488K, used 3903K [0x00000000c3200000, 0x0000000100000000)
  region size 1024K, 1 young (1024K), 1 survivors (1024K)
 Metaspace       used 5559K, committed 5760K, reserved 1114112K
  class space    used 673K, committed 768K, reserved 1048576K
}
Event: 2.341 GC heap before
{Heap before GC invocations=2 (full 0):
 garbage-first heap   total 63488K, used 28479K [0x00000000c3200000, 0x0000000100000000)
  region size 1024K, 25 young (25600K), 1 survivors (1024K)
 Metaspace       used 8821K, committed 9024K, reserved 1114112K
  class space    used 1075K, committed 1152K, reserved 1048576K
}
Event: 2.346 GC heap after
{Heap after GC invocations=3 (full 0):
 garbage-first heap   total 63488K, used 4925K [0x00000000c3200000, 0x0000000100000000)
  region size 1024K, 2 young (2048K), 2 survivors (2048K)
 Metaspace       used 8821K, committed 9024K, reserved 1114112K
  class space    used 1075K, committed 1152K, reserved 1048576K
}
Event: 26.523 GC heap before
{Heap before GC invocations=3 (full 0):
 garbage-first heap   total 63488K, used 40765K [0x00000000c3200000, 0x0000000100000000)
  region size 1024K, 37 young (37888K), 2 survivors (2048K)
 Metaspace       used 15010K, committed 15232K, reserved 1114112K
  class space    used 1831K, committed 1920K, reserved 1048576K
}
Event: 26.540 GC heap after
{Heap after GC invocations=4 (full 0):
 garbage-first heap   total 63488K, used 8082K [0x00000000c3200000, 0x0000000100000000)
  region size 1024K, 5 young (5120K), 5 survivors (5120K)
 Metaspace       used 15010K, committed 15232K, reserved 1114112K
  class space    used 1831K, committed 1920K, reserved 1048576K
}
Event: 39.418 GC heap before
{Heap before GC invocations=4 (full 0):
 garbage-first heap   total 63488K, used 40850K [0x00000000c3200000, 0x0000000100000000)
  region size 1024K, 37 young (37888K), 5 survivors (5120K)
 Metaspace       used 16644K, committed 16896K, reserved 1114112K
  class space    used 1992K, committed 2112K, reserved 1048576K
}
Event: 39.432 GC heap after
{Heap after GC invocations=5 (full 0):
 garbage-first heap   total 63488K, used 10264K [0x00000000c3200000, 0x0000000100000000)
  region size 1024K, 3 young (3072K), 3 survivors (3072K)
 Metaspace       used 16644K, committed 16896K, reserved 1114112K
  class space    used 1992K, committed 2112K, reserved 1048576K
}
Event: 57.185 GC heap before
{Heap before GC invocations=5 (full 0):
 garbage-first heap   total 63488K, used 44056K [0x00000000c3200000, 0x0000000100000000)
  region size 1024K, 36 young (36864K), 3 survivors (3072K)
 Metaspace       used 17967K, committed 18240K, reserved 1114112K
  class space    used 2098K, committed 2240K, reserved 1048576K
}
Event: 57.192 GC heap after
{Heap after GC invocations=6 (full 0):
 garbage-first heap   total 63488K, used 11908K [0x00000000c3200000, 0x0000000100000000)
  region size 1024K, 4 young (4096K), 4 survivors (4096K)
 Metaspace       used 17967K, committed 18240K, reserved 1114112K
  class space    used 2098K, committed 2240K, reserved 1048576K
}
Event: 80.566 GC heap before
{Heap before GC invocations=6 (full 0):
 garbage-first heap   total 63488K, used 30340K [0x00000000c3200000, 0x0000000100000000)
  region size 1024K, 19 young (19456K), 4 survivors (4096K)
 Metaspace       used 21216K, committed 21504K, reserved 1114112K
  class space    used 2531K, committed 2688K, reserved 1048576K
}
Event: 80.585 GC heap after
{Heap after GC invocations=7 (full 0):
 garbage-first heap   total 63488K, used 19423K [0x00000000c3200000, 0x0000000100000000)
  region size 1024K, 5 young (5120K), 5 survivors (5120K)
 Metaspace       used 21216K, committed 21504K, reserved 1114112K
  class space    used 2531K, committed 2688K, reserved 1048576K
}
Event: 119.724 GC heap before
{Heap before GC invocations=8 (full 0):
 garbage-first heap   total 63488K, used 47071K [0x00000000c3200000, 0x0000000100000000)
  region size 1024K, 32 young (32768K), 5 survivors (5120K)
 Metaspace       used 27026K, committed 27264K, reserved 1114112K
  class space    used 3170K, committed 3264K, reserved 1048576K
}
Event: 119.763 GC heap after
{Heap after GC invocations=9 (full 0):
 garbage-first heap   total 63488K, used 26624K [0x00000000c3200000, 0x0000000100000000)
  region size 1024K, 4 young (4096K), 4 survivors (4096K)
 Metaspace       used 27026K, committed 27264K, reserved 1114112K
  class space    used 3170K, committed 3264K, reserved 1048576K
}
Event: 141.881 GC heap before
{Heap before GC invocations=9 (full 0):
 garbage-first heap   total 63488K, used 47104K [0x00000000c3200000, 0x0000000100000000)
  region size 1024K, 23 young (23552K), 4 survivors (4096K)
 Metaspace       used 28530K, committed 28864K, reserved 1114112K
  class space    used 3313K, committed 3456K, reserved 1048576K
}
Event: 141.897 GC heap after
{Heap after GC invocations=10 (full 0):
 garbage-first heap   total 63488K, used 29041K [0x00000000c3200000, 0x0000000100000000)
  region size 1024K, 3 young (3072K), 3 survivors (3072K)
 Metaspace       used 28530K, committed 28864K, reserved 1114112K
  class space    used 3313K, committed 3456K, reserved 1048576K
}
Event: 154.233 GC heap before
{Heap before GC invocations=10 (full 0):
 garbage-first heap   total 63488K, used 46449K [0x00000000c3200000, 0x0000000100000000)
  region size 1024K, 20 young (20480K), 3 survivors (3072K)
 Metaspace       used 28679K, committed 28992K, reserved 1114112K
  class space    used 3314K, committed 3456K, reserved 1048576K
}
Event: 154.241 GC heap after
{Heap after GC invocations=11 (full 0):
 garbage-first heap   total 63488K, used 30036K [0x00000000c3200000, 0x0000000100000000)
  region size 1024K, 1 young (1024K), 1 survivors (1024K)
 Metaspace       used 28679K, committed 28992K, reserved 1114112K
  class space    used 3314K, committed 3456K, reserved 1048576K
}

